{"level":"info","timestamp":"2025-08-24T20:04:41.743-0500","caller":"runtime/asm_arm64.s:1223","msg":"starting server:","env":"local","addr":":5555"}
{"level":"info","timestamp":"2025-08-24T20:04:41.744-0500","caller":"lark-api/main.go:65","msg":"Producer initialized"}
{"level":"info","timestamp":"2025-08-24T20:04:41.744-0500","caller":"runtime/proc.go:272","msg":"starting consumer"}
{"level":"fatal","timestamp":"2025-08-24T20:04:41.744-0500","caller":"runtime/asm_arm64.s:1223","msg":"listen tcp :5555: bind: address already in use"}
{"level":"info","timestamp":"2025-08-24T20:05:09.961-0500","caller":"runtime/asm_arm64.s:1223","msg":"starting server:","env":"local","addr":":5555"}
{"level":"info","timestamp":"2025-08-24T20:05:09.962-0500","caller":"lark-api/main.go:65","msg":"Producer initialized"}
{"level":"info","timestamp":"2025-08-24T20:05:09.962-0500","caller":"runtime/proc.go:272","msg":"starting consumer"}
{"level":"fatal","timestamp":"2025-08-24T20:05:09.962-0500","caller":"runtime/asm_arm64.s:1223","msg":"listen tcp :5555: bind: address already in use"}
{"level":"info","timestamp":"2025-08-24T20:08:42.425-0500","caller":"runtime/asm_arm64.s:1223","msg":"starting server:","env":"local","addr":":5555"}
{"level":"info","timestamp":"2025-08-24T20:08:42.426-0500","caller":"lark-api/main.go:65","msg":"Producer initialized"}
{"level":"info","timestamp":"2025-08-24T20:08:42.426-0500","caller":"runtime/proc.go:272","msg":"starting consumer"}
{"level":"fatal","timestamp":"2025-08-24T20:08:42.426-0500","caller":"runtime/asm_arm64.s:1223","msg":"listen tcp :5555: bind: address already in use"}
{"level":"info","timestamp":"2025-08-24T20:20:51.624-0500","caller":"lark-api/main.go:48","msg":"Producer initialized"}
{"level":"info","timestamp":"2025-08-24T20:20:51.625-0500","caller":"runtime/asm_arm64.s:1223","msg":"starting consumer"}
{"level":"info","timestamp":"2025-08-24T20:20:51.625-0500","caller":"runtime/asm_arm64.s:1223","msg":"starting server:","env":"local","addr":":5555"}
{"level":"fatal","timestamp":"2025-08-24T20:20:51.625-0500","caller":"runtime/asm_arm64.s:1223","msg":"listen tcp :5555: bind: address already in use"}
{"level":"info","timestamp":"2025-08-24T20:23:10.036-0500","caller":"lark-api/main.go:45","msg":"Producer initialized"}
{"level":"info","timestamp":"2025-08-24T20:23:10.037-0500","caller":"runtime/asm_arm64.s:1223","msg":"starting consumer"}
{"level":"info","timestamp":"2025-08-24T20:23:10.037-0500","caller":"runtime/asm_arm64.s:1223","msg":"starting server:","env":"local","addr":":5555"}
{"level":"fatal","timestamp":"2025-08-24T20:23:10.037-0500","caller":"runtime/asm_arm64.s:1223","msg":"listen tcp :5555: bind: address already in use"}
{"level":"info","timestamp":"2025-08-24T20:33:14.784-0500","caller":"lark-api/main.go:45","msg":"Producer initialized"}
{"level":"info","timestamp":"2025-08-24T20:33:14.785-0500","caller":"runtime/asm_arm64.s:1223","msg":"starting consumer"}
{"level":"info","timestamp":"2025-08-24T20:33:14.785-0500","caller":"runtime/asm_arm64.s:1223","msg":"starting server:","env":"local","addr":":5555"}
{"level":"fatal","timestamp":"2025-08-24T20:33:14.785-0500","caller":"runtime/asm_arm64.s:1223","msg":"listen tcp :5555: bind: address already in use"}
{"level":"info","timestamp":"2025-08-25T22:26:33.493-0500","caller":"lark-api/main.go:45","msg":"Producer initialized"}
{"level":"info","timestamp":"2025-08-25T22:26:33.494-0500","caller":"runtime/asm_arm64.s:1223","msg":"starting consumer"}
{"level":"info","timestamp":"2025-08-25T22:26:33.494-0500","caller":"runtime/asm_arm64.s:1223","msg":"starting server:","env":"local","addr":":5555"}
{"level":"fatal","timestamp":"2025-08-25T22:26:33.494-0500","caller":"runtime/asm_arm64.s:1223","msg":"listen tcp :5555: bind: address already in use"}
{"level":"info","timestamp":"2025-08-25T22:26:51.646-0500","caller":"lark-api/main.go:45","msg":"Producer initialized"}
{"level":"info","timestamp":"2025-08-25T22:26:51.647-0500","caller":"runtime/asm_arm64.s:1223","msg":"starting consumer"}
{"level":"info","timestamp":"2025-08-25T22:26:51.647-0500","caller":"runtime/asm_arm64.s:1223","msg":"starting server:","env":"local","addr":":5555"}
{"level":"fatal","timestamp":"2025-08-25T22:26:51.648-0500","caller":"runtime/asm_arm64.s:1223","msg":"listen tcp :5555: bind: address already in use"}
{"level":"info","timestamp":"2025-08-26T00:15:42.821-0500","caller":"lark-api/main.go:45","msg":"Producer initialized"}
{"level":"info","timestamp":"2025-08-26T00:15:42.823-0500","caller":"runtime/asm_arm64.s:1223","msg":"starting consumer"}
{"level":"info","timestamp":"2025-08-26T00:15:42.823-0500","caller":"runtime/asm_arm64.s:1223","msg":"starting server:","env":"local","addr":":5555"}
{"level":"fatal","timestamp":"2025-08-26T00:15:42.824-0500","caller":"runtime/asm_arm64.s:1223","msg":"listen tcp :5555: bind: address already in use"}
{"level":"info","timestamp":"2025-08-26T19:16:27.479-0500","caller":"lark-api/main.go:45","msg":"Producer initialized"}
{"level":"info","timestamp":"2025-08-26T19:16:52.374-0500","caller":"runtime/asm_arm64.s:1223","msg":"starting consumer"}
{"level":"info","timestamp":"2025-08-26T19:16:52.374-0500","caller":"runtime/asm_arm64.s:1223","msg":"starting server:","env":"local","addr":":5555"}
{"level":"fatal","timestamp":"2025-08-26T19:16:54.276-0500","caller":"runtime/asm_arm64.s:1223","msg":"listen tcp :5555: bind: address already in use"}
{"level":"info","timestamp":"2025-08-26T19:22:16.621-0500","caller":"lark-api/main.go:45","msg":"Producer initialized"}
{"level":"info","timestamp":"2025-08-26T19:22:53.409-0500","caller":"runtime/asm_arm64.s:1223","msg":"starting consumer"}
{"level":"info","timestamp":"2025-08-26T19:22:53.410-0500","caller":"runtime/asm_arm64.s:1223","msg":"starting server:","env":"local","addr":":5555"}
{"level":"fatal","timestamp":"2025-08-26T19:23:02.760-0500","caller":"runtime/asm_arm64.s:1223","msg":"listen tcp :5555: bind: address already in use"}
{"level":"info","timestamp":"2025-08-26T19:29:24.485-0500","caller":"lark-api/main.go:45","msg":"Producer initialized"}
{"level":"info","timestamp":"2025-08-26T19:29:24.486-0500","caller":"runtime/asm_arm64.s:1223","msg":"starting consumer"}
{"level":"info","timestamp":"2025-08-26T19:29:24.486-0500","caller":"runtime/asm_arm64.s:1223","msg":"starting server:","env":"local","addr":":5555"}
{"level":"fatal","timestamp":"2025-08-26T19:29:24.486-0500","caller":"runtime/asm_arm64.s:1223","msg":"listen tcp :5555: bind: address already in use"}
{"level":"info","timestamp":"2025-08-26T19:29:37.127-0500","caller":"lark-api/main.go:45","msg":"Producer initialized"}
{"level":"info","timestamp":"2025-08-26T19:29:37.129-0500","caller":"runtime/asm_arm64.s:1223","msg":"starting consumer"}
{"level":"info","timestamp":"2025-08-26T19:29:37.129-0500","caller":"runtime/asm_arm64.s:1223","msg":"starting server:","env":"local","addr":":5555"}
{"level":"fatal","timestamp":"2025-08-26T19:29:37.129-0500","caller":"runtime/asm_arm64.s:1223","msg":"listen tcp :5555: bind: address already in use"}
{"level":"info","timestamp":"2025-08-27T06:04:35.855-0500","caller":"lark-api/main.go:45","msg":"Producer initialized"}
{"level":"info","timestamp":"2025-08-27T06:04:35.856-0500","caller":"runtime/asm_arm64.s:1223","msg":"starting consumer"}
{"level":"info","timestamp":"2025-08-27T06:04:35.857-0500","caller":"runtime/asm_arm64.s:1223","msg":"starting server:","env":"local","addr":":4444"}
{"level":"debug","timestamp":"2025-08-27T06:05:32.430-0500","caller":"http/server.go:2220","msg":"received prompt:","prompt":{"msgId":0,"content":"working?"}}
{"level":"error","timestamp":"2025-08-27T06:05:52.450-0500","caller":"kgo/producer.go:663","msg":"failed to produce:","err":"UNKNOWN_TOPIC_OR_PARTITION: This server does not host this topic-partition."}
{"level":"info","timestamp":"2025-08-27T06:05:52.450-0500","caller":"http/server.go:2220","msg":"produced:","prompt":"{\"msgId\":0,\"content\":\"working?\"}"}
{"level":"panic","timestamp":"2025-08-27T06:09:31.678-0500","caller":"runtime/asm_arm64.s:1223","msg":"[{ -1 context canceled}]"}
{"level":"info","timestamp":"2025-08-27T06:09:31.678-0500","caller":"runtime/proc.go:272","msg":"Shutting down server.."}
{"level":"info","timestamp":"2025-08-27T06:09:31.680-0500","caller":"runtime/proc.go:272","msg":"Server gracefully exited."}
{"level":"info","timestamp":"2025-08-27T06:09:34.244-0500","caller":"runtime/proc.go:272","msg":"starting kafka"}
{"level":"info","timestamp":"2025-08-27T06:09:34.245-0500","caller":"lark-api/main.go:46","msg":"Producer initialized"}
{"level":"info","timestamp":"2025-08-27T06:09:34.246-0500","caller":"runtime/asm_arm64.s:1223","msg":"starting server:","env":"local","addr":":4444"}
{"level":"info","timestamp":"2025-08-27T06:09:34.246-0500","caller":"runtime/asm_arm64.s:1223","msg":"starting consumer"}
{"level":"info","timestamp":"2025-08-27T06:10:01.048-0500","caller":"runtime/proc.go:272","msg":"Shutting down server.."}
{"level":"panic","timestamp":"2025-08-27T06:10:01.048-0500","caller":"runtime/asm_arm64.s:1223","msg":"[{ -1 context canceled}]"}
{"level":"info","timestamp":"2025-08-27T06:10:01.049-0500","caller":"runtime/proc.go:272","msg":"Server gracefully exited."}
{"level":"info","timestamp":"2025-08-27T06:10:02.372-0500","caller":"runtime/proc.go:272","msg":"starting kafka"}
{"level":"info","timestamp":"2025-08-27T06:10:02.373-0500","caller":"lark-api/main.go:47","msg":"Producer initialized"}
{"level":"info","timestamp":"2025-08-27T06:10:02.373-0500","caller":"runtime/asm_arm64.s:1223","msg":"starting consumer"}
{"level":"info","timestamp":"2025-08-27T06:10:02.373-0500","caller":"runtime/asm_arm64.s:1223","msg":"starting server:","env":"local","addr":":4444"}
{"level":"info","timestamp":"2025-08-27T06:10:14.288-0500","caller":"runtime/proc.go:272","msg":"Shutting down server.."}
{"level":"info","timestamp":"2025-08-27T06:10:14.289-0500","caller":"runtime/proc.go:272","msg":"Server gracefully exited."}
{"level":"panic","timestamp":"2025-08-27T06:10:14.289-0500","caller":"runtime/asm_arm64.s:1223","msg":"[{ -1 context canceled}]"}
{"level":"info","timestamp":"2025-08-27T06:10:16.606-0500","caller":"runtime/proc.go:272","msg":"starting kafka"}
{"level":"info","timestamp":"2025-08-27T06:10:16.607-0500","caller":"lark-api/main.go:47","msg":"Producer initialized"}
{"level":"info","timestamp":"2025-08-27T06:10:16.607-0500","caller":"runtime/asm_arm64.s:1223","msg":"starting consumer"}
{"level":"info","timestamp":"2025-08-27T06:10:16.607-0500","caller":"runtime/asm_arm64.s:1223","msg":"starting server:","env":"local","addr":":4444"}
{"level":"info","timestamp":"2025-08-27T06:10:55.696-0500","caller":"runtime/proc.go:272","msg":"Shutting down server.."}
{"level":"panic","timestamp":"2025-08-27T06:10:55.696-0500","caller":"runtime/asm_arm64.s:1223","msg":"[{ -1 context canceled}]"}
{"level":"info","timestamp":"2025-08-27T06:10:55.698-0500","caller":"runtime/proc.go:272","msg":"Server gracefully exited."}
